ITSHOW_toB/app/build/intermediates/manifest_merge_blame_file/debug/manifest-merger-blame-debug-report.txt
1<?xml version="1.0" encoding="utf-8"?>
2<manifest xmlns:android="http://schemas.android.com/apk/res/android"
3    package="com.cookandroid.itshow_tob"
4    android:versionCode="1"
5    android:versionName="1.0" >
6
7    <uses-sdk
8        android:minSdkVersion="24"
8-->src\main\AndroidManifest.xml
9        android:targetSdkVersion="30" />
9-->src\main\AndroidManifest.xml
10    <!-- 안드로이드 앱이 인터넷이 접속할 수 있도록 허용 -->
11    <uses-permission android:name="android.permission.ACCESS_NETWORK_STATE" />
11-->src\main\AndroidManifest.xml:6:5-79
11-->src\main\AndroidManifest.xml:6:22-76
12    <uses-permission android:name="android.permission.INTERNET" /> <!-- 저장소 파일 접근 권한 추가(글작성시에 이미지 파일을 불러옵니다 :) ) -->
12-->src\main\AndroidManifest.xml:7:5-67
12-->src\main\AndroidManifest.xml:7:22-64
13    <uses-permission android:name="android.permission.READ_EXTERNAL_STORAGE" />
13-->src\main\AndroidManifest.xml:8:5-80
13-->src\main\AndroidManifest.xml:8:22-77
14    <uses-permission android:name="android.permission.CAMERA" />
14-->src\main\AndroidManifest.xml:9:5-65
14-->src\main\AndroidManifest.xml:9:22-62
15    <uses-permission android:name="android.permission.WRITE_EXTERNAL_STORAGE" />
15-->src\main\AndroidManifest.xml:10:5-81
15-->src\main\AndroidManifest.xml:10:22-78
16
17    <uses-feature
17-->src\main\AndroidManifest.xml:12:5-14:35
18        android:name="android.hardware.camera"
18-->src\main\AndroidManifest.xml:13:9-47
19        android:required="true" />
19-->src\main\AndroidManifest.xml:14:9-32
20
21    <uses-permission android:name="android.permission.WAKE_LOCK" /> <!-- Required by older versions of Google Play services to create IID tokens -->
21-->[com.google.firebase:firebase-messaging:23.0.5] AndroidManifest.xml:26:5-68
21-->[com.google.firebase:firebase-messaging:23.0.5] AndroidManifest.xml:26:22-65
22    <uses-permission android:name="com.google.android.c2dm.permission.RECEIVE" />
22-->[com.google.firebase:firebase-messaging:23.0.5] AndroidManifest.xml:28:5-82
22-->[com.google.firebase:firebase-messaging:23.0.5] AndroidManifest.xml:28:22-79
23    <uses-permission android:name="com.google.android.gms.permission.AD_ID" />
23-->[com.google.android.gms:play-services-measurement-api:21.0.0] AndroidManifest.xml:25:5-79
23-->[com.google.android.gms:play-services-measurement-api:21.0.0] AndroidManifest.xml:25:22-76
24    <uses-permission android:name="com.google.android.finsky.permission.BIND_GET_INSTALL_REFERRER_SERVICE" />
24-->[com.google.android.gms:play-services-measurement:21.0.0] AndroidManifest.xml:26:5-110
24-->[com.google.android.gms:play-services-measurement:21.0.0] AndroidManifest.xml:26:22-107
25
26    <application
26-->src\main\AndroidManifest.xml:16:5-61:19
27        android:allowBackup="true"
27-->src\main\AndroidManifest.xml:17:9-35
28        android:appComponentFactory="androidx.core.app.CoreComponentFactory"
28-->[androidx.core:core:1.5.0] AndroidManifest.xml:24:18-86
29        android:debuggable="true"
30        android:extractNativeLibs="false"
31        android:icon="@mipmap/ic_launcher"
31-->src\main\AndroidManifest.xml:18:9-43
32        android:label="@string/app_name"
32-->src\main\AndroidManifest.xml:19:9-41
33        android:roundIcon="@mipmap/ic_launcher_round"
33-->src\main\AndroidManifest.xml:20:9-54
34        android:supportsRtl="true"
34-->src\main\AndroidManifest.xml:21:9-35
35        android:testOnly="true"
36        android:theme="@style/AppTheme"
36-->src\main\AndroidManifest.xml:22:9-40
37        android:usesCleartextTraffic="true" >
37-->src\main\AndroidManifest.xml:23:9-44
38        <activity android:name="com.cookandroid.itshow_tob.MainActivity" >
38-->src\main\AndroidManifest.xml:24:9-30:20
38-->src\main\AndroidManifest.xml:24:19-47
39            <intent-filter>
39-->src\main\AndroidManifest.xml:25:13-29:29
40                <action android:name="android.intent.action.MAIN" />
40-->src\main\AndroidManifest.xml:26:17-69
40-->src\main\AndroidManifest.xml:26:25-66
41
42                <category android:name="android.intent.category.LAUNCHER" />
42-->src\main\AndroidManifest.xml:28:17-77
42-->src\main\AndroidManifest.xml:28:27-74
43            </intent-filter>
44        </activity>
45        <activity android:name="com.cookandroid.itshow_tob.HelpContent" />
45-->src\main\AndroidManifest.xml:31:9-48
45-->src\main\AndroidManifest.xml:31:19-46
46        <activity android:name="com.cookandroid.itshow_tob.Review" />
46-->src\main\AndroidManifest.xml:32:9-43
46-->src\main\AndroidManifest.xml:32:19-41
47        <activity android:name="com.cookandroid.itshow_tob.ChatActivity" />
47-->src\main\AndroidManifest.xml:33:9-49
47-->src\main\AndroidManifest.xml:33:19-47
48        <activity android:name="com.cookandroid.itshow_tob.Search" />
48-->src\main\AndroidManifest.xml:34:9-44
48-->src\main\AndroidManifest.xml:34:19-41
49        <activity android:name="com.cookandroid.itshow_tob.WriteRecruitment" />
49-->src\main\AndroidManifest.xml:35:9-53
49-->src\main\AndroidManifest.xml:35:19-51
50        <activity android:name="com.cookandroid.itshow_tob.Login" />
50-->src\main\AndroidManifest.xml:36:9-43
50-->src\main\AndroidManifest.xml:36:19-40
51        <activity android:name="com.cookandroid.itshow_tob.FrameMain" />
51-->src\main\AndroidManifest.xml:37:9-46
51-->src\main\AndroidManifest.xml:37:19-44
52        <activity android:name="com.cookandroid.itshow_tob.Join" />
52-->src\main\AndroidManifest.xml:38:9-42
52-->src\main\AndroidManifest.xml:38:19-39
53        <activity android:name="com.cookandroid.itshow_tob.UserInfoActicity" />
53-->src\main\AndroidManifest.xml:39:9-53
53-->src\main\AndroidManifest.xml:39:19-51
54        <activity android:name="com.cookandroid.itshow_tob.FollowList" />
54-->src\main\AndroidManifest.xml:40:9-47
54-->src\main\AndroidManifest.xml:40:19-45
55        <activity android:name="com.cookandroid.itshow_tob.Setting" />
55-->src\main\AndroidManifest.xml:41:9-44
55-->src\main\AndroidManifest.xml:41:19-42
56        <activity android:name="com.cookandroid.itshow_tob.DetailsRecruitment" /> <!-- 사진 저장 관련 -->
56-->src\main\AndroidManifest.xml:42:9-55
56-->src\main\AndroidManifest.xml:42:19-53
57        <provider
57-->src\main\AndroidManifest.xml:43:9-51:20
58            android:name="androidx.core.content.FileProvider"
58-->src\main\AndroidManifest.xml:44:13-62
59            android:authorities="com.cookandroid.itshow_tob"
59-->src\main\AndroidManifest.xml:45:13-61
60            android:exported="false"
60-->src\main\AndroidManifest.xml:46:13-37
61            android:grantUriPermissions="true" >
61-->src\main\AndroidManifest.xml:47:13-47
62            <meta-data
62-->src\main\AndroidManifest.xml:48:13-50:54
63                android:name="android.support.FILE_PROVIDER_PATHS"
63-->src\main\AndroidManifest.xml:49:17-67
64                android:resource="@xml/file_paths" />
64-->src\main\AndroidManifest.xml:50:17-51
65        </provider>
66        <!--
67            <serviceMyFirebaseMessagingService
68            android:name="."
69            android:enabled="true"
70            android:exported="true"
71            android:stopWithTask="false">
72            <intent-filter>
73                <action android:name="com.google.firebase.MESSAGING_EVENT" />
74            </intent-filter>
75        </serviceMyFirebaseMessagingService>
76        -->
77        <service
77-->[com.google.firebase:firebase-firestore-ktx:24.1.2] AndroidManifest.xml:12:9-18:19
78            android:name="com.google.firebase.components.ComponentDiscoveryService"
78-->[com.google.firebase:firebase-firestore-ktx:24.1.2] AndroidManifest.xml:13:13-84
79            android:directBootAware="true"
79-->[com.google.firebase:firebase-common:20.1.1] AndroidManifest.xml:35:13-43
80            android:exported="false" >
80-->[com.google.firebase:firebase-firestore-ktx:24.1.2] AndroidManifest.xml:14:13-37
81            <meta-data
81-->[com.google.firebase:firebase-firestore-ktx:24.1.2] AndroidManifest.xml:15:13-17:85
82                android:name="com.google.firebase.components:com.google.firebase.firestore.ktx.FirebaseFirestoreKtxRegistrar"
82-->[com.google.firebase:firebase-firestore-ktx:24.1.2] AndroidManifest.xml:16:17-126
83                android:value="com.google.firebase.components.ComponentRegistrar" />
83-->[com.google.firebase:firebase-firestore-ktx:24.1.2] AndroidManifest.xml:17:17-82
84            <meta-data
84-->[com.google.firebase:firebase-firestore:24.1.2] AndroidManifest.xml:20:13-22:85
85                android:name="com.google.firebase.components:com.google.firebase.firestore.FirestoreRegistrar"
85-->[com.google.firebase:firebase-firestore:24.1.2] AndroidManifest.xml:21:17-111
86                android:value="com.google.firebase.components.ComponentRegistrar" />
86-->[com.google.firebase:firebase-firestore:24.1.2] AndroidManifest.xml:22:17-82
87            <meta-data
87-->[com.google.firebase:firebase-analytics-ktx:21.0.0] AndroidManifest.xml:11:13-13:85
88                android:name="com.google.firebase.components:com.google.firebase.analytics.ktx.FirebaseAnalyticsKtxRegistrar"
88-->[com.google.firebase:firebase-analytics-ktx:21.0.0] AndroidManifest.xml:12:17-126
89                android:value="com.google.firebase.components.ComponentRegistrar" />
89-->[com.google.firebase:firebase-analytics-ktx:21.0.0] AndroidManifest.xml:13:17-82
90            <meta-data
90-->[com.google.firebase:firebase-messaging-ktx:23.0.5] AndroidManifest.xml:29:13-31:85
91                android:name="com.google.firebase.components:com.google.firebase.messaging.ktx.FirebaseMessagingKtxRegistrar"
91-->[com.google.firebase:firebase-messaging-ktx:23.0.5] AndroidManifest.xml:30:17-126
92                android:value="com.google.firebase.components.ComponentRegistrar" />
92-->[com.google.firebase:firebase-messaging-ktx:23.0.5] AndroidManifest.xml:31:17-82
93            <meta-data
93-->[com.google.firebase:firebase-common-ktx:20.1.1] AndroidManifest.xml:15:13-17:85
94                android:name="com.google.firebase.components:com.google.firebase.ktx.FirebaseCommonKtxRegistrar"
94-->[com.google.firebase:firebase-common-ktx:20.1.1] AndroidManifest.xml:16:17-113
95                android:value="com.google.firebase.components.ComponentRegistrar" />
95-->[com.google.firebase:firebase-common-ktx:20.1.1] AndroidManifest.xml:17:17-82
96            <meta-data
96-->[com.google.firebase:firebase-auth:21.0.5] AndroidManifest.xml:67:13-69:85
97                android:name="com.google.firebase.components:com.google.firebase.auth.FirebaseAuthRegistrar"
97-->[com.google.firebase:firebase-auth:21.0.5] AndroidManifest.xml:68:17-109
98                android:value="com.google.firebase.components.ComponentRegistrar" />
98-->[com.google.firebase:firebase-auth:21.0.5] AndroidManifest.xml:69:17-82
99            <meta-data
99-->[com.google.firebase:firebase-messaging:23.0.5] AndroidManifest.xml:55:13-57:85
100                android:name="com.google.firebase.components:com.google.firebase.messaging.FirebaseMessagingRegistrar"
100-->[com.google.firebase:firebase-messaging:23.0.5] AndroidManifest.xml:56:17-119
101                android:value="com.google.firebase.components.ComponentRegistrar" />
101-->[com.google.firebase:firebase-messaging:23.0.5] AndroidManifest.xml:57:17-82
102            <meta-data
102-->[com.google.firebase:firebase-datatransport:18.1.4] AndroidManifest.xml:28:13-30:85
103                android:name="com.google.firebase.components:com.google.firebase.datatransport.TransportRegistrar"
103-->[com.google.firebase:firebase-datatransport:18.1.4] AndroidManifest.xml:29:17-115
104                android:value="com.google.firebase.components.ComponentRegistrar" />
104-->[com.google.firebase:firebase-datatransport:18.1.4] AndroidManifest.xml:30:17-82
105            <meta-data
105-->[com.google.android.gms:play-services-measurement-api:21.0.0] AndroidManifest.xml:31:13-33:85
106                android:name="com.google.firebase.components:com.google.firebase.analytics.connector.internal.AnalyticsConnectorRegistrar"
106-->[com.google.android.gms:play-services-measurement-api:21.0.0] AndroidManifest.xml:32:17-139
107                android:value="com.google.firebase.components.ComponentRegistrar" />
107-->[com.google.android.gms:play-services-measurement-api:21.0.0] AndroidManifest.xml:33:17-82
108            <meta-data
108-->[com.google.firebase:firebase-installations:17.0.1] AndroidManifest.xml:18:13-20:85
109                android:name="com.google.firebase.components:com.google.firebase.installations.FirebaseInstallationsRegistrar"
109-->[com.google.firebase:firebase-installations:17.0.1] AndroidManifest.xml:19:17-127
110                android:value="com.google.firebase.components.ComponentRegistrar" />
110-->[com.google.firebase:firebase-installations:17.0.1] AndroidManifest.xml:20:17-82
111        </service>
112
113        <activity
113-->[com.google.firebase:firebase-auth:21.0.5] AndroidManifest.xml:27:9-44:20
114            android:name="com.google.firebase.auth.internal.GenericIdpActivity"
114-->[com.google.firebase:firebase-auth:21.0.5] AndroidManifest.xml:28:13-80
115            android:excludeFromRecents="true"
115-->[com.google.firebase:firebase-auth:21.0.5] AndroidManifest.xml:29:13-46
116            android:exported="true"
116-->[com.google.firebase:firebase-auth:21.0.5] AndroidManifest.xml:30:13-36
117            android:launchMode="singleTask"
117-->[com.google.firebase:firebase-auth:21.0.5] AndroidManifest.xml:31:13-44
118            android:theme="@android:style/Theme.Translucent.NoTitleBar" >
118-->[com.google.firebase:firebase-auth:21.0.5] AndroidManifest.xml:32:13-72
119            <intent-filter>
119-->[com.google.firebase:firebase-auth:21.0.5] AndroidManifest.xml:33:13-43:29
120                <action android:name="android.intent.action.VIEW" />
120-->[com.google.firebase:firebase-auth:21.0.5] AndroidManifest.xml:34:17-69
120-->[com.google.firebase:firebase-auth:21.0.5] AndroidManifest.xml:34:25-66
121
122                <category android:name="android.intent.category.DEFAULT" />
122-->[com.google.firebase:firebase-auth:21.0.5] AndroidManifest.xml:36:17-76
122-->[com.google.firebase:firebase-auth:21.0.5] AndroidManifest.xml:36:27-73
123                <category android:name="android.intent.category.BROWSABLE" />
123-->[com.google.firebase:firebase-auth:21.0.5] AndroidManifest.xml:37:17-78
123-->[com.google.firebase:firebase-auth:21.0.5] AndroidManifest.xml:37:27-75
124
125                <data
125-->[com.google.firebase:firebase-auth:21.0.5] AndroidManifest.xml:39:17-42:51
126                    android:host="firebase.auth"
126-->[com.google.firebase:firebase-auth:21.0.5] AndroidManifest.xml:40:21-49
127                    android:path="/"
127-->[com.google.firebase:firebase-auth:21.0.5] AndroidManifest.xml:41:21-37
128                    android:scheme="genericidp" />
128-->[com.google.firebase:firebase-auth:21.0.5] AndroidManifest.xml:42:21-48
129            </intent-filter>
130        </activity>
131        <activity
131-->[com.google.firebase:firebase-auth:21.0.5] AndroidManifest.xml:45:9-62:20
132            android:name="com.google.firebase.auth.internal.RecaptchaActivity"
132-->[com.google.firebase:firebase-auth:21.0.5] AndroidManifest.xml:46:13-79
133            android:excludeFromRecents="true"
133-->[com.google.firebase:firebase-auth:21.0.5] AndroidManifest.xml:47:13-46
134            android:exported="true"
134-->[com.google.firebase:firebase-auth:21.0.5] AndroidManifest.xml:48:13-36
135            android:launchMode="singleTask"
135-->[com.google.firebase:firebase-auth:21.0.5] AndroidManifest.xml:49:13-44
136            android:theme="@android:style/Theme.Translucent.NoTitleBar" >
136-->[com.google.firebase:firebase-auth:21.0.5] AndroidManifest.xml:50:13-72
137            <intent-filter>
137-->[com.google.firebase:firebase-auth:21.0.5] AndroidManifest.xml:51:13-61:29
138                <action android:name="android.intent.action.VIEW" />
138-->[com.google.firebase:firebase-auth:21.0.5] AndroidManifest.xml:34:17-69
138-->[com.google.firebase:firebase-auth:21.0.5] AndroidManifest.xml:34:25-66
139
140                <category android:name="android.intent.category.DEFAULT" />
140-->[com.google.firebase:firebase-auth:21.0.5] AndroidManifest.xml:36:17-76
140-->[com.google.firebase:firebase-auth:21.0.5] AndroidManifest.xml:36:27-73
141                <category android:name="android.intent.category.BROWSABLE" />
141-->[com.google.firebase:firebase-auth:21.0.5] AndroidManifest.xml:37:17-78
141-->[com.google.firebase:firebase-auth:21.0.5] AndroidManifest.xml:37:27-75
142
143                <data
143-->[com.google.firebase:firebase-auth:21.0.5] AndroidManifest.xml:39:17-42:51
144                    android:host="firebase.auth"
144-->[com.google.firebase:firebase-auth:21.0.5] AndroidManifest.xml:40:21-49
145                    android:path="/"
145-->[com.google.firebase:firebase-auth:21.0.5] AndroidManifest.xml:41:21-37
146                    android:scheme="recaptcha" />
146-->[com.google.firebase:firebase-auth:21.0.5] AndroidManifest.xml:42:21-48
147            </intent-filter>
148        </activity>
149        <activity
149-->[com.google.android.gms:play-services-auth:17.0.0] AndroidManifest.xml:23:9-27:75
150            android:name="com.google.android.gms.auth.api.signin.internal.SignInHubActivity"
150-->[com.google.android.gms:play-services-auth:17.0.0] AndroidManifest.xml:24:13-93
151            android:excludeFromRecents="true"
151-->[com.google.android.gms:play-services-auth:17.0.0] AndroidManifest.xml:25:13-46
152            android:exported="false"
152-->[com.google.android.gms:play-services-auth:17.0.0] AndroidManifest.xml:26:13-37
153            android:theme="@android:style/Theme.Translucent.NoTitleBar" />
153-->[com.google.android.gms:play-services-auth:17.0.0] AndroidManifest.xml:27:13-72
154        <!--
155            Service handling Google Sign-In user revocation. For apps that do not integrate with
156            Google Sign-In, this service will never be started.
157        -->
158        <service
158-->[com.google.android.gms:play-services-auth:17.0.0] AndroidManifest.xml:33:9-36:110
159            android:name="com.google.android.gms.auth.api.signin.RevocationBoundService"
159-->[com.google.android.gms:play-services-auth:17.0.0] AndroidManifest.xml:34:13-89
160            android:exported="true"
160-->[com.google.android.gms:play-services-auth:17.0.0] AndroidManifest.xml:35:13-36
161            android:permission="com.google.android.gms.auth.api.signin.permission.REVOCATION_NOTIFICATION" />
161-->[com.google.android.gms:play-services-auth:17.0.0] AndroidManifest.xml:36:13-107
162
163        <receiver
163-->[com.google.firebase:firebase-messaging:23.0.5] AndroidManifest.xml:31:9-38:20
164            android:name="com.google.firebase.iid.FirebaseInstanceIdReceiver"
164-->[com.google.firebase:firebase-messaging:23.0.5] AndroidManifest.xml:32:13-78
165            android:exported="true"
165-->[com.google.firebase:firebase-messaging:23.0.5] AndroidManifest.xml:33:13-36
166            android:permission="com.google.android.c2dm.permission.SEND" >
166-->[com.google.firebase:firebase-messaging:23.0.5] AndroidManifest.xml:34:13-73
167            <intent-filter>
167-->[com.google.firebase:firebase-messaging:23.0.5] AndroidManifest.xml:35:13-37:29
168                <action android:name="com.google.android.c2dm.intent.RECEIVE" />
168-->[com.google.firebase:firebase-messaging:23.0.5] AndroidManifest.xml:36:17-81
168-->[com.google.firebase:firebase-messaging:23.0.5] AndroidManifest.xml:36:25-78
169            </intent-filter>
170        </receiver>
171        <!--
172             FirebaseMessagingService performs security checks at runtime,
173             but set to not exported to explicitly avoid allowing another app to call it.
174        -->
175        <service
175-->[com.google.firebase:firebase-messaging:23.0.5] AndroidManifest.xml:44:9-51:19
176            android:name="com.google.firebase.messaging.FirebaseMessagingService"
176-->[com.google.firebase:firebase-messaging:23.0.5] AndroidManifest.xml:45:13-82
177            android:directBootAware="true"
177-->[com.google.firebase:firebase-messaging:23.0.5] AndroidManifest.xml:46:13-43
178            android:exported="false" >
178-->[com.google.firebase:firebase-messaging:23.0.5] AndroidManifest.xml:47:13-37
179            <intent-filter android:priority="-500" >
179-->[com.google.firebase:firebase-messaging:23.0.5] AndroidManifest.xml:48:13-50:29
179-->[com.google.firebase:firebase-messaging:23.0.5] AndroidManifest.xml:48:28-51
180                <action android:name="com.google.firebase.MESSAGING_EVENT" />
180-->[com.google.firebase:firebase-messaging:23.0.5] AndroidManifest.xml:49:17-78
180-->[com.google.firebase:firebase-messaging:23.0.5] AndroidManifest.xml:49:25-75
181            </intent-filter>
182        </service>
183        <service
183-->[com.google.android.datatransport:transport-backend-cct:3.1.5] AndroidManifest.xml:29:9-35:19
184            android:name="com.google.android.datatransport.runtime.backends.TransportBackendDiscovery"
184-->[com.google.android.datatransport:transport-backend-cct:3.1.5] AndroidManifest.xml:30:13-103
185            android:exported="false" >
185-->[com.google.android.datatransport:transport-backend-cct:3.1.5] AndroidManifest.xml:31:13-37
186            <meta-data
186-->[com.google.android.datatransport:transport-backend-cct:3.1.5] AndroidManifest.xml:32:13-34:39
187                android:name="backend:com.google.android.datatransport.cct.CctBackendFactory"
187-->[com.google.android.datatransport:transport-backend-cct:3.1.5] AndroidManifest.xml:33:17-94
188                android:value="cct" />
188-->[com.google.android.datatransport:transport-backend-cct:3.1.5] AndroidManifest.xml:34:17-36
189        </service>
190        <service
190-->[com.google.android.datatransport:transport-runtime:3.1.5] AndroidManifest.xml:26:9-30:19
191            android:name="com.google.android.datatransport.runtime.scheduling.jobscheduling.JobInfoSchedulerService"
191-->[com.google.android.datatransport:transport-runtime:3.1.5] AndroidManifest.xml:27:13-117
192            android:exported="false"
192-->[com.google.android.datatransport:transport-runtime:3.1.5] AndroidManifest.xml:28:13-37
193            android:permission="android.permission.BIND_JOB_SERVICE" >
193-->[com.google.android.datatransport:transport-runtime:3.1.5] AndroidManifest.xml:29:13-69
194        </service>
195
196        <receiver
196-->[com.google.android.datatransport:transport-runtime:3.1.5] AndroidManifest.xml:32:9-34:40
197            android:name="com.google.android.datatransport.runtime.scheduling.jobscheduling.AlarmManagerSchedulerBroadcastReceiver"
197-->[com.google.android.datatransport:transport-runtime:3.1.5] AndroidManifest.xml:33:13-132
198            android:exported="false" />
198-->[com.google.android.datatransport:transport-runtime:3.1.5] AndroidManifest.xml:34:13-37
199
200        <provider
200-->[com.google.firebase:firebase-common:20.1.1] AndroidManifest.xml:26:9-31:39
201            android:name="com.google.firebase.provider.FirebaseInitProvider"
201-->[com.google.firebase:firebase-common:20.1.1] AndroidManifest.xml:27:13-77
202            android:authorities="com.cookandroid.itshow_tob.firebaseinitprovider"
202-->[com.google.firebase:firebase-common:20.1.1] AndroidManifest.xml:28:13-72
203            android:directBootAware="true"
203-->[com.google.firebase:firebase-common:20.1.1] AndroidManifest.xml:29:13-43
204            android:exported="false"
204-->[com.google.firebase:firebase-common:20.1.1] AndroidManifest.xml:30:13-37
205            android:initOrder="100" />
205-->[com.google.firebase:firebase-common:20.1.1] AndroidManifest.xml:31:13-36
206
207        <activity
207-->[com.google.android.gms:play-services-base:18.0.1] AndroidManifest.xml:20:9-22:45
208            android:name="com.google.android.gms.common.api.GoogleApiActivity"
208-->[com.google.android.gms:play-services-base:18.0.1] AndroidManifest.xml:20:19-85
209            android:exported="false"
209-->[com.google.android.gms:play-services-base:18.0.1] AndroidManifest.xml:22:19-43
210            android:theme="@android:style/Theme.Translucent.NoTitleBar" />
210-->[com.google.android.gms:play-services-base:18.0.1] AndroidManifest.xml:21:19-78
211
212        <receiver
212-->[com.google.android.gms:play-services-measurement:21.0.0] AndroidManifest.xml:29:9-33:20
213            android:name="com.google.android.gms.measurement.AppMeasurementReceiver"
213-->[com.google.android.gms:play-services-measurement:21.0.0] AndroidManifest.xml:30:13-85
214            android:enabled="true"
214-->[com.google.android.gms:play-services-measurement:21.0.0] AndroidManifest.xml:31:13-35
215            android:exported="false" >
215-->[com.google.android.gms:play-services-measurement:21.0.0] AndroidManifest.xml:32:13-37
216        </receiver>
217
218        <service
218-->[com.google.android.gms:play-services-measurement:21.0.0] AndroidManifest.xml:35:9-38:40
219            android:name="com.google.android.gms.measurement.AppMeasurementService"
219-->[com.google.android.gms:play-services-measurement:21.0.0] AndroidManifest.xml:36:13-84
220            android:enabled="true"
220-->[com.google.android.gms:play-services-measurement:21.0.0] AndroidManifest.xml:37:13-35
221            android:exported="false" />
221-->[com.google.android.gms:play-services-measurement:21.0.0] AndroidManifest.xml:38:13-37
222        <service
222-->[com.google.android.gms:play-services-measurement:21.0.0] AndroidManifest.xml:39:9-43:72
223            android:name="com.google.android.gms.measurement.AppMeasurementJobService"
223-->[com.google.android.gms:play-services-measurement:21.0.0] AndroidManifest.xml:40:13-87
224            android:enabled="true"
224-->[com.google.android.gms:play-services-measurement:21.0.0] AndroidManifest.xml:41:13-35
225            android:exported="false"
225-->[com.google.android.gms:play-services-measurement:21.0.0] AndroidManifest.xml:42:13-37
226            android:permission="android.permission.BIND_JOB_SERVICE" />
226-->[com.google.android.gms:play-services-measurement:21.0.0] AndroidManifest.xml:43:13-69
227
228        <meta-data
228-->[com.google.android.gms:play-services-basement:18.0.0] AndroidManifest.xml:21:9-23:69
229            android:name="com.google.android.gms.version"
229-->[com.google.android.gms:play-services-basement:18.0.0] AndroidManifest.xml:22:13-58
230            android:value="@integer/google_play_services_version" />
230-->[com.google.android.gms:play-services-basement:18.0.0] AndroidManifest.xml:23:13-66
231    </application>
232
233</manifest>